<?xml version="1.0" encoding="UTF-8"?>
<!-- Generated by org.testng.reporters.JUnitReportReporter -->
<testsuite hostname="DESKTOP-6JHQO45" failures="0" tests="1" name="com.homePAGE.Javac_training" time="4.471" errors="0" timestamp="2020-05-19T14:34:37 EDT" skipped="0">
  <testcase classname="com.homePAGE.Javac_training" name="start" time="4.471"/>
  <system-out/>
</testsuite> <!-- com.homePAGE.Javac_training -->
